<?xml version="1.0" encoding="UTF-8"?>
<!-- Generated by org.testng.reporters.JUnitReportReporter -->
<testsuite skipped="0" hostname="DIL-TOS-180706" name="testcases.Login_TC" tests="1" failures="0" timestamp="07 mar 2019 17:04:01 GMT" time="8.290" errors="0">
  <testcase name="doLogin" time="8.290" classname="testcases.Login_TC"/>
</testsuite> <!-- testcases.Login_TC -->
